CoreGen has not been configured with any user repositories.
CoreGen has been configured with the following Xilinx repositories:
 - 'd:\Xilinx\13.1\ISE_DS\ISE\coregen\' []
INFO:sim:927 - Generating component instance 'fifo_32_64' of
   'xilinx.com:ip:fifo_generator:8.1' from
   'd:\Xilinx\13.1\ISE_DS\ISE\coregen\ip\xilinx\primary\com\xilinx\ip\fifo_gener
   ator_v8_1\component.xml'.
Applying current project opFinished executing Tcl generator.
Executing Tcl generator...
INFO:sim - ResolviCancelled executing Tcl generatoINFO:sim - Applying external generics to 'fifo_32_2k'...
Finished executing Tcl generator.
Executing Tcl generator...
INFO:sim - Delivering associated files for 'fifo_32_2k'...
Finished executing Tcl generator.
Executing Tcl generator...
WARNING:sim - Can't find 'VHDL_and_Verilog' synthesis view; using general
   synthesis view
INFO:sim - Delivering EJava files for 'fifo_32_2k'...
Finished executing Tcl generator.
Executing Tcl generator...
INFO:sim - Generating implementation netlist for 'fifo_32_2k'...
INFO:sim - Pre-processing HDL files for 'fifo_32_2k'...
Finished executing Tcl generator.
Executing Tcl generator...
Finished executing Tcl generator.
Executing Tcl generator...
Finished executing Tcl generator.
Executing Tcl generator...
INFO:sim - Writing VHO instantiation template for 'fifo_32_2k'...
INFO:sim - Writing VEO instantiation template for 'fifo_32_2k'...
Finished executing Tcl generator.
Executing Tcl generator...
INFO:sim - Writing VHDL behavioral simulation model for 'fifo_32_2k'...
INFO:sim - Writing Verilog behavioral simulation model for 'fifo_32_2k'...
Finished executing Tcl generator.
Generating ASY schematic symbol...
Initializing IP model...
Finished initializing IP model.
Finished generating ASY schematic symbol.
Executing Tcl generator...
INFO:sim - Generating SYM schematic symbol for 'fifo_32_2k'...
Finished executing Tcl generator.
Generating metadata file...
Finished generating metadata file.
Generating ISE project...
Finished generating ISE project.Generating README file...
Finished generating README file.
Generating FLIST file...
Finished FLIST file generation.
Preparing output directory...
Finished preparing output directory.
Launching README viewer...
Launched README viewer.
Moving files to output directory...
Finished moving files to output directory
Wrote file for project
'E:\DAS\DEC_V10\DEC_V10.ise\DEC_V10_1120\ipcore_dir\fifo_32_2k.cgp'.
